app/build/outputs/logs/manifest-merger-debug-report.txt
-- Merging decision tree log ---
manifest
ADDED from src\main\AndroidManifest.xml:2:1-16:12
	package
		ADDED from src\main\AndroidManifest.xml:2:70-123
		INJECTED from src\main\AndroidManifest.xml
		INJECTED from src\main\AndroidManifest.xml
	android:versionName
		ADDED from src\main\AndroidManifest.xml:2:148-173
		INJECTED from src\main\AndroidManifest.xml
		INJECTED from src\main\AndroidManifest.xml
	android:versionCode
		ADDED from src\main\AndroidManifest.xml:2:124-147
		INJECTED from src\main\AndroidManifest.xml
		INJECTED from src\main\AndroidManifest.xml
	xmlns:android
		ADDED from src\main\AndroidManifest.xml:2:11-69
application
ADDED from src\main\AndroidManifest.xml:4:2-12:16
	android:label
		ADDED from src\main\AndroidManifest.xml:4:71-103
	android:debuggable
		ADDED from src\main\AndroidManifest.xml:4:45-70
	android:icon
		ADDED from src\main\AndroidManifest.xml:4:15-44
activity#com.arm.malideveloper.openglessdk.metaballs.Metaballs
ADDED from src\main\AndroidManifest.xml:5:3-11:14
	android:label
		ADDED from src\main\AndroidManifest.xml:5:13-44
	android:name
		ADDED from src\main\AndroidManifest.xml:5:45-69
intent-filter#android.intent.action.MAIN+android.intent.category.DEFAULT+android.intent.category.LAUNCHER
ADDED from src\main\AndroidManifest.xml:6:4-10:20
action#android.intent.action.MAIN
ADDED from src\main\AndroidManifest.xml:7:5-64
	android:name
		ADDED from src\main\AndroidManifest.xml:7:13-54
category#android.intent.category.LAUNCHER
ADDED from src\main\AndroidManifest.xml:8:5-65
	android:name
		ADDED from src\main\AndroidManifest.xml:8:15-62
category#android.intent.category.DEFAULT
ADDED from src\main\AndroidManifest.xml:9:5-73
	android:name
		ADDED from src\main\AndroidManifest.xml:9:15-61
uses-sdk
ADDED from src\main\AndroidManifest.xml:14:2-40
	android:targetSdkVersion
		INJECTED from src\main\AndroidManifest.xml
		INJECTED from src\main\AndroidManifest.xml
	android:minSdkVersion
		ADDED from src\main\AndroidManifest.xml:14:12-38
		INJECTED from src\main\AndroidManifest.xml
		INJECTED from src\main\AndroidManifest.xml
uses-feature#0x00030001
ADDED from src\main\AndroidManifest.xml:15:2-64
	android:glEsVersion
		ADDED from src\main\AndroidManifest.xml:15:16-48